[2025-10-23 23:25:37] local.INFO: guardar_firma  
[2025-10-23 23:28:31] local.INFO: guardar_firma  
[2025-10-23 23:30:53] local.INFO: guardar_firma  
[2025-10-23 23:32:05] local.INFO: guardar_firma  
[2025-10-23 23:32:05] local.INFO: guardar_firma_service  
[2025-10-23 23:32:05] local.INFO: C:\wamp64\tmp\php3D3F.tmp  
[2025-10-23 23:35:51] local.INFO: guardar_firma  
[2025-10-23 23:35:51] local.INFO: guardar_firma_service  
[2025-10-23 23:35:51] local.INFO: C:\wamp64\tmp\phpAD03.tmp  
[2025-10-23 23:38:55] local.INFO: guardar_firma  
[2025-10-23 23:38:55] local.INFO: guardar_firma_service  
[2025-10-23 23:38:55] local.INFO: C:\wamp64\tmp\php7EE1.tmp  
[2025-10-23 23:41:16] local.INFO: guardar_firma  
[2025-10-23 23:41:16] local.INFO: guardar_firma_service  
[2025-10-23 23:41:16] local.INFO: C:\wamp64\tmp\phpA2BC.tmp  
[2025-10-23 23:43:46] local.INFO: guardar_firma  
[2025-10-23 23:43:46] local.INFO: guardar_firma_service  
[2025-10-23 23:43:46] local.INFO: C:\wamp64\tmp\phpEF1E.tmp  
[2025-10-23 23:45:43] local.INFO: guardar_firma  
[2025-10-23 23:45:43] local.INFO: guardar_firma_service  
[2025-10-23 23:45:43] local.INFO: C:\wamp64\tmp\phpB8B3.tmp  
[2025-10-23 23:46:14] local.INFO: guardar_firma  
[2025-10-23 23:46:14] local.INFO: guardar_firma_service  
[2025-10-23 23:46:14] local.INFO: C:\wamp64\tmp\php3130.tmp  
[2025-10-23 23:47:10] local.INFO: guardar_firma_service  
[2025-10-23 23:47:10] local.INFO: C:\wamp64\tmp\phpBF1.tmp  
[2025-10-23 23:47:31] local.INFO: guardar_firma_service  
[2025-10-23 23:47:31] local.INFO: C:\wamp64\tmp\php5E48.tmp  
[2025-10-23 23:48:48] local.INFO: guardar_firma_service  
[2025-10-23 23:48:48] local.INFO: C:\wamp64\tmp\php897B.tmp  
[2025-10-23 23:52:46] local.INFO: guardar_firma_service  
[2025-10-23 23:52:46] local.INFO: C:\wamp64\tmp\php2C26.tmp  
[2025-10-23 23:54:28] local.INFO: guardar_firma_service  
[2025-10-23 23:54:28] local.INFO: C:\wamp64\tmp\phpBBB0.tmp  
[2025-10-24 00:04:13] local.INFO: guardar_firma_service  
[2025-10-24 00:04:13] local.INFO: C:\wamp64\tmp\phpA831.tmp  
[2025-10-24 00:04:48] local.INFO: guardar_firma_service  
[2025-10-24 00:04:48] local.INFO: C:\wamp64\tmp\php2FC6.tmp  
[2025-10-24 00:06:19] local.INFO: guardar_firma_service  
[2025-10-24 00:06:19] local.INFO: C:\wamp64\tmp\php91EF.tmp  
[2025-10-24 00:06:42] local.INFO: guardar_firma_service  
[2025-10-24 00:06:42] local.INFO: C:\wamp64\tmp\phpEC1A.tmp  
[2025-10-24 00:07:54] local.INFO: guardar_firma_service  
[2025-10-24 00:07:54] local.INFO: C:\wamp64\tmp\php563.tmp  
[2025-10-24 00:10:08] local.INFO: guardar_firma_service  
[2025-10-24 00:10:08] local.INFO: C:\wamp64\tmp\phpF84.tmp  
[2025-10-24 00:19:06] local.INFO: guardar_firma_service  
[2025-10-24 00:19:06] local.INFO: C:\wamp64\tmp\php4592.tmp  
[2025-10-24 00:19:56] local.INFO: guardar_firma_service  
[2025-10-24 00:19:56] local.INFO: C:\wamp64\tmp\php9AE.tmp  
[2025-10-24 00:20:09] local.INFO: guardar_firma_service  
[2025-10-24 00:20:09] local.INFO: C:\wamp64\tmp\php3B3F.tmp  
[2025-10-24 00:41:04] local.INFO: guardar_firma_service  
[2025-10-24 00:41:04] local.INFO: C:\wamp64\tmp\php61D6.tmp  
[2025-10-24 00:47:10] local.INFO: guardar_firma_service  
[2025-10-24 00:47:10] local.INFO: C:\wamp64\tmp\phpF96C.tmp  
[2025-10-24 00:48:53] local.INFO: guardar_firma_service  
[2025-10-24 00:48:53] local.INFO: C:\wamp64\tmp\php8B67.tmp  
[2025-10-24 01:07:56] local.INFO: guardar_firma_service  
[2025-10-24 01:07:56] local.INFO: C:\wamp64\tmp\phpFC01.tmp  
[2025-10-24 01:24:00] local.INFO: guardar_firma_service  
[2025-10-24 01:24:00] local.INFO: C:\wamp64\tmp\phpB2B0.tmp  
[2025-10-24 14:41:04] local.INFO: guardar_firma_service  
[2025-10-24 14:41:04] local.INFO: C:\wamp64\tmp\php7275.tmp  
[2025-10-24 14:49:02] local.INFO: guardar_firma_service  
[2025-10-24 14:49:02] local.INFO: C:\wamp64\tmp\phpBCB4.tmp  
[2025-10-24 14:49:20] local.INFO: guardar_firma_service  
[2025-10-24 14:49:20] local.INFO: C:\wamp64\tmp\php616.tmp  
